<?xml version="1.0" encoding="UTF-8"?>
<!-- Generated by org.testng.reporters.JUnitXMLReporter -->
<testsuite ignored="0" hostname="DESKTOP-C6OQV70" failures="3" tests="13" name="UITest" time="410.269" errors="0" timestamp="20 Dec 2022 12:54:41 GMT">
  <testcase classname="com.automationpractice.ecommerce.testCases.TestCase1RegisterUser" name="testCase1RegisterUser" time="67.886"/>
  <testcase classname="com.automationpractice.ecommerce.testCases.TestCase4LogoutUser" name="testCase4LogoutUser" time="18.414"/>
  <testcase classname="com.automationpractice.ecommerce.testCases.TestCase3LoginUserWithIncorrectEmailAndPassword" name="testCase3LoginUserWithIncorrectEmailAndPassword" time="6.455"/>
  <testcase classname="com.automationpractice.ecommerce.testCases.TestCase5RegisterUserWithExistingEmail" name="testCase5RegisterUserWithExistingEmail" time="13.877"/>
  <testcase classname="com.automationpractice.ecommerce.testCases.TestCase2LoginUserWithCorrectEmailAndPassword" name="testCase2LoginUserWithCorrectEmailAndPassword" time="22.228"/>
  <testcase classname="com.automationpractice.ecommerce.testCases.TestCase6ContactUsForm" name="testCase6ContactUsForm" time="36.161"/>
  <testcase classname="com.automationpractice.ecommerce.testCases.TestCase7VerifyTestCasesPage" name="testCase7VerifyTestCasesPage" time="4.563"/>
  <testcase classname="com.automationpractice.ecommerce.testCases.TestCase8VerifyAllProductsAndProductDetailPage" name="testCase8VerifyAllProductsAndProductDetailPage" time="2.049">
    <failure type="java.lang.AssertionError" message="expected [https://www.automationexercise.com/products] but found [https://www.automationexercise.com/#google_vignette]">
      <![CDATA[java.lang.AssertionError: expected [https://www.automationexercise.com/products] but found [https://www.automationexercise.com/#google_vignette]
at com.automationpractice.ecommerce.testCases.TestCase8VerifyAllProductsAndProductDetailPage.testCase8VerifyAllProductsAndProductDetailPage(TestCase8VerifyAllProductsAndProductDetailPage.java:40)
... Removed 34 stack frames]]>
    </failure>
  </testcase> <!-- testCase8VerifyAllProductsAndProductDetailPage -->
  <testcase classname="com.automationpractice.ecommerce.testCases.TestCase9SearchProduct" name="testCase9SearchProduct" time="26.49"/>
  <testcase classname="com.automationpractice.ecommerce.testCases.TestCase10VerifySubscriptionInHomepage" name="testCase10VerifySubscriptionInHomepage" time="3.012"/>
  <testcase classname="com.automationpractice.ecommerce.testCases.TestCase11VerifySubscriptionInCartpagePages_TC" name="testCase11VerifySubscriptionInCartpagePages_TC" time="6.842"/>
  <testcase classname="com.automationpractice.ecommerce.testCases.TestCase12AddProductsInCart" name="testCase12AddProductsInCart" time="44.4">
    <failure type="org.openqa.selenium.ElementNotInteractableException" message="element not interactable
  (Session info: chrome=108.0.5359.125)
Build info: version: &amp;apos;4.0.0-alpha-6&amp;apos;, revision: &amp;apos;5f43a29cfc&amp;apos;
System info: host: &amp;apos;DESKTOP-C6OQV70&amp;apos;, ip: &amp;apos;192.168.0.193&amp;apos;, os.name: &amp;apos;Windows 11&amp;apos;, os.arch: &amp;apos;amd64&amp;apos;, os.version: &amp;apos;10.0&amp;apos;, java.version: &amp;apos;11.0.14&amp;apos;
Driver info: org.openqa.selenium.chrome.ChromeDriver
Capabilities {acceptInsecureCerts: false, browserName: chrome, browserVersion: 108.0.5359.125, chrome: {chromedriverVersion: 108.0.5359.71 (1e0e3868ee06..., userDataDir: C:\Users\Talha\AppData\Loca...}, goog:chromeOptions: {debuggerAddress: localhost:53601}, javascriptEnabled: true, networkConnectionEnabled: false, pageLoadStrategy: normal, platform: WINDOWS, platformName: WINDOWS, proxy: Proxy(), setWindowRect: true, strictFileInteractability: false, timeouts: {implicit: 0, pageLoad: 300000, script: 30000}, unhandledPromptBehavior: dismiss and notify, webauthn:extension:credBlob: true, webauthn:extension:largeBlob: true, webauthn:virtualAuthenticators: true}
Session ID: 4e0c035b15ebb38bc0e904d0449a7c76">
      <![CDATA[org.openqa.selenium.ElementNotInteractableException: element not interactable
  (Session info: chrome=108.0.5359.125)
Build info: version: '4.0.0-alpha-6', revision: '5f43a29cfc'
System info: host: 'DESKTOP-C6OQV70', ip: '192.168.0.193', os.name: 'Windows 11', os.arch: 'amd64', os.version: '10.0', java.version: '11.0.14'
Driver info: org.openqa.selenium.chrome.ChromeDriver
Capabilities {acceptInsecureCerts: false, browserName: chrome, browserVersion: 108.0.5359.125, chrome: {chromedriverVersion: 108.0.5359.71 (1e0e3868ee06..., userDataDir: C:\Users\Talha\AppData\Loca...}, goog:chromeOptions: {debuggerAddress: localhost:53601}, javascriptEnabled: true, networkConnectionEnabled: false, pageLoadStrategy: normal, platform: WINDOWS, platformName: WINDOWS, proxy: Proxy(), setWindowRect: true, strictFileInteractability: false, timeouts: {implicit: 0, pageLoad: 300000, script: 30000}, unhandledPromptBehavior: dismiss and notify, webauthn:extension:credBlob: true, webauthn:extension:largeBlob: true, webauthn:virtualAuthenticators: true}
Session ID: 4e0c035b15ebb38bc0e904d0449a7c76
at org.openqa.selenium.remote.codec.w3c.W3CHttpResponseCodec.createException(W3CHttpResponseCodec.java:196)
at org.openqa.selenium.remote.codec.w3c.W3CHttpResponseCodec.decode(W3CHttpResponseCodec.java:129)
at org.openqa.selenium.remote.codec.w3c.W3CHttpResponseCodec.decode(W3CHttpResponseCodec.java:53)
at org.openqa.selenium.remote.HttpCommandExecutor.execute(HttpCommandExecutor.java:160)
at org.openqa.selenium.remote.service.DriverCommandExecutor.execute(DriverCommandExecutor.java:83)
at org.openqa.selenium.remote.RemoteWebDriver.execute(RemoteWebDriver.java:582)
at org.openqa.selenium.remote.RemoteWebElement.execute(RemoteWebElement.java:316)
at org.openqa.selenium.remote.RemoteWebElement.click(RemoteWebElement.java:85)
at org.openqa.selenium.support.pagefactory.internal.LocatingElementHandler.invoke(LocatingElementHandler.java:52)
at com.sun.proxy.$Proxy15.click(Unknown Source)
at com.automationpractice.ecommerce.testCases.TestCase12AddProductsInCart.testCase12AddProductsInCart(TestCase12AddProductsInCart.java:39)
... Removed 35 stack frames]]>
    </failure>
  </testcase> <!-- testCase12AddProductsInCart -->
  <testcase classname="com.automationpractice.ecommerce.testCases.TestCase13VerifyProductQuantityInCart" name="testCase13VerifyProductQuantityInCartPages" time="3.054">
    <failure type="java.lang.AssertionError" message="expected [https://www.automationexercise.com/product_details/1] but found [https://www.automationexercise.com/#google_vignette]">
      <![CDATA[java.lang.AssertionError: expected [https://www.automationexercise.com/product_details/1] but found [https://www.automationexercise.com/#google_vignette]
at com.automationpractice.ecommerce.testCases.TestCase13VerifyProductQuantityInCart.testCase13VerifyProductQuantityInCartPages(TestCase13VerifyProductQuantityInCart.java:38)
... Removed 34 stack frames]]>
    </failure>
  </testcase> <!-- testCase13VerifyProductQuantityInCartPages -->
</testsuite> <!-- UITest -->
