<!DOCTYPE html PUBLIC "-//W3C//DTD XHTML 1.1//EN" "http://www.w3.org/TR/xhtml11/DTD/xhtml11.dtd">
<html xmlns="http://www.w3.org/1999/xhtml">
<head>
<meta http-equiv="content-type" content="text/html; charset=UTF-8"/>
<title>TestNG Report</title>
<style type="text/css">table {margin-bottom:10px;border-collapse:collapse;empty-cells:show}th,td {border:1px solid #009;padding:.25em .5em}th {vertical-align:bottom}td {vertical-align:top}table a {font-weight:bold}.stripe td {background-color: #E6EBF9}.num {text-align:right}.passedodd td {background-color: #3F3}.passedeven td {background-color: #0A0}.skippedodd td {background-color: #DDD}.skippedeven td {background-color: #CCC}.failedodd td,.attn {background-color: #F33}.failedeven td,.stripe .attn {background-color: #D00}.stacktrace {white-space:pre;font-family:monospace}.totop {font-size:85%;text-align:center;border-bottom:2px solid #000}.invisible {display:none}</style>
</head>
<body>
<table>
<tr><th>Test</th><th># Passed</th><th># Skipped</th><th># Failed</th><th>Time (ms)</th><th>Included Groups</th><th>Excluded Groups</th></tr>
<tr><th colspan="7">Regression</th></tr>
<tr><td><a href="#t0">UITest</a></td><td class="num">10</td><td class="num">0</td><td class="num attn">3</td><td class="num">410,269</td><td></td><td></td></tr>
</table>
<table id='summary'><thead><tr><th>Class</th><th>Method</th><th>Start</th><th>Time (ms)</th></tr></thead><tbody><tr><th colspan="4">Regression</th></tr></tbody><tbody id="t0"><tr><th colspan="4">UITest &#8212; failed</th></tr><tr class="failedeven"><td rowspan="1">com.automationpractice.ecommerce.testCases.TestCase12AddProductsInCart</td><td><a href="#m0">testCase12AddProductsInCart</a></td><td rowspan="1">1671540822152</td><td rowspan="1">44400</td></tr><tr class="failedodd"><td rowspan="1">com.automationpractice.ecommerce.testCases.TestCase13VerifyProductQuantityInCart</td><td><a href="#m1">testCase13VerifyProductQuantityInCartPages</a></td><td rowspan="1">1671540878323</td><td rowspan="1">3054</td></tr><tr class="failedeven"><td rowspan="1">com.automationpractice.ecommerce.testCases.TestCase8VerifyAllProductsAndProductDetailPage</td><td><a href="#m2">testCase8VerifyAllProductsAndProductDetailPage</a></td><td rowspan="1">1671540736320</td><td rowspan="1">2049</td></tr><tr><th colspan="4">UITest &#8212; passed</th></tr><tr class="passedeven"><td rowspan="1">com.automationpractice.ecommerce.testCases.TestCase10VerifySubscriptionInHomepage</td><td><a href="#m3">testCase10VerifySubscriptionInHomepage</a></td><td rowspan="1">1671540787986</td><td rowspan="1">3012</td></tr><tr class="passedodd"><td rowspan="1">com.automationpractice.ecommerce.testCases.TestCase11VerifySubscriptionInCartpagePages_TC</td><td><a href="#m4">testCase11VerifySubscriptionInCartpagePages_TC</a></td><td rowspan="1">1671540803071</td><td rowspan="1">6842</td></tr><tr class="passedeven"><td rowspan="1">com.automationpractice.ecommerce.testCases.TestCase1RegisterUser</td><td><a href="#m5">testCase1RegisterUser</a></td><td rowspan="1">1671540483562</td><td rowspan="1">67886</td></tr><tr class="passedodd"><td rowspan="1">com.automationpractice.ecommerce.testCases.TestCase2LoginUserWithCorrectEmailAndPassword</td><td><a href="#m6">testCase2LoginUserWithCorrectEmailAndPassword</a></td><td rowspan="1">1671540638656</td><td rowspan="1">22228</td></tr><tr class="passedeven"><td rowspan="1">com.automationpractice.ecommerce.testCases.TestCase3LoginUserWithIncorrectEmailAndPassword</td><td><a href="#m7">testCase3LoginUserWithIncorrectEmailAndPassword</a></td><td rowspan="1">1671540595389</td><td rowspan="1">6455</td></tr><tr class="passedodd"><td rowspan="1">com.automationpractice.ecommerce.testCases.TestCase4LogoutUser</td><td><a href="#m8">testCase4LogoutUser</a></td><td rowspan="1">1671540564879</td><td rowspan="1">18414</td></tr><tr class="passedeven"><td rowspan="1">com.automationpractice.ecommerce.testCases.TestCase5RegisterUserWithExistingEmail</td><td><a href="#m9">testCase5RegisterUserWithExistingEmail</a></td><td rowspan="1">1671540613523</td><td rowspan="1">13877</td></tr><tr class="passedodd"><td rowspan="1">com.automationpractice.ecommerce.testCases.TestCase6ContactUsForm</td><td><a href="#m10">testCase6ContactUsForm</a></td><td rowspan="1">1671540672104</td><td rowspan="1">36161</td></tr><tr class="passedeven"><td rowspan="1">com.automationpractice.ecommerce.testCases.TestCase7VerifyTestCasesPage</td><td><a href="#m11">testCase7VerifyTestCasesPage</a></td><td rowspan="1">1671540719708</td><td rowspan="1">4563</td></tr><tr class="passedodd"><td rowspan="1">com.automationpractice.ecommerce.testCases.TestCase9SearchProduct</td><td><a href="#m12">testCase9SearchProduct</a></td><td rowspan="1">1671540749798</td><td rowspan="1">26490</td></tr></tbody>
</table>
<h2>UITest</h2><h3 id="m0">com.automationpractice.ecommerce.testCases.TestCase12AddProductsInCart#testCase12AddProductsInCart</h3><table class="result"><tr><th>Exception</th></tr><tr><td><div class="stacktrace">org.openqa.selenium.ElementNotInteractableException: element not interactable
  (Session info: chrome=108.0.5359.125)
Build info: version: &apos;4.0.0-alpha-6&apos;, revision: &apos;5f43a29cfc&apos;
System info: host: &apos;DESKTOP-C6OQV70&apos;, ip: &apos;192.168.0.193&apos;, os.name: &apos;Windows 11&apos;, os.arch: &apos;amd64&apos;, os.version: &apos;10.0&apos;, java.version: &apos;11.0.14&apos;
Driver info: org.openqa.selenium.chrome.ChromeDriver
Capabilities {acceptInsecureCerts: false, browserName: chrome, browserVersion: 108.0.5359.125, chrome: {chromedriverVersion: 108.0.5359.71 (1e0e3868ee06..., userDataDir: C:\Users\Talha\AppData\Loca...}, goog:chromeOptions: {debuggerAddress: localhost:53601}, javascriptEnabled: true, networkConnectionEnabled: false, pageLoadStrategy: normal, platform: WINDOWS, platformName: WINDOWS, proxy: Proxy(), setWindowRect: true, strictFileInteractability: false, timeouts: {implicit: 0, pageLoad: 300000, script: 30000}, unhandledPromptBehavior: dismiss and notify, webauthn:extension:credBlob: true, webauthn:extension:largeBlob: true, webauthn:virtualAuthenticators: true}
Session ID: 4e0c035b15ebb38bc0e904d0449a7c76
	at org.openqa.selenium.remote.codec.w3c.W3CHttpResponseCodec.createException(W3CHttpResponseCodec.java:196)
	at org.openqa.selenium.remote.codec.w3c.W3CHttpResponseCodec.decode(W3CHttpResponseCodec.java:129)
	at org.openqa.selenium.remote.codec.w3c.W3CHttpResponseCodec.decode(W3CHttpResponseCodec.java:53)
	at org.openqa.selenium.remote.HttpCommandExecutor.execute(HttpCommandExecutor.java:160)
	at org.openqa.selenium.remote.service.DriverCommandExecutor.execute(DriverCommandExecutor.java:83)
	at org.openqa.selenium.remote.RemoteWebDriver.execute(RemoteWebDriver.java:582)
	at org.openqa.selenium.remote.RemoteWebElement.execute(RemoteWebElement.java:316)
	at org.openqa.selenium.remote.RemoteWebElement.click(RemoteWebElement.java:85)
	at org.openqa.selenium.support.pagefactory.internal.LocatingElementHandler.invoke(LocatingElementHandler.java:52)
	at com.sun.proxy.$Proxy15.click(Unknown Source)
	at com.automationpractice.ecommerce.testCases.TestCase12AddProductsInCart.testCase12AddProductsInCart(TestCase12AddProductsInCart.java:39)
... Removed 35 stack frames</div></td></tr></table><p class="totop"><a href="#summary">back to summary</a></p>
<h3 id="m1">com.automationpractice.ecommerce.testCases.TestCase13VerifyProductQuantityInCart#testCase13VerifyProductQuantityInCartPages</h3><table class="result"><tr><th>Exception</th></tr><tr><td><div class="stacktrace">java.lang.AssertionError: expected [https://www.automationexercise.com/product_details/1] but found [https://www.automationexercise.com/#google_vignette]
	at com.automationpractice.ecommerce.testCases.TestCase13VerifyProductQuantityInCart.testCase13VerifyProductQuantityInCartPages(TestCase13VerifyProductQuantityInCart.java:38)
... Removed 34 stack frames</div></td></tr></table><p class="totop"><a href="#summary">back to summary</a></p>
<h3 id="m2">com.automationpractice.ecommerce.testCases.TestCase8VerifyAllProductsAndProductDetailPage#testCase8VerifyAllProductsAndProductDetailPage</h3><table class="result"><tr><th>Exception</th></tr><tr><td><div class="stacktrace">java.lang.AssertionError: expected [https://www.automationexercise.com/products] but found [https://www.automationexercise.com/#google_vignette]
	at com.automationpractice.ecommerce.testCases.TestCase8VerifyAllProductsAndProductDetailPage.testCase8VerifyAllProductsAndProductDetailPage(TestCase8VerifyAllProductsAndProductDetailPage.java:40)
... Removed 34 stack frames</div></td></tr></table><p class="totop"><a href="#summary">back to summary</a></p>
<h3 id="m3">com.automationpractice.ecommerce.testCases.TestCase10VerifySubscriptionInHomepage#testCase10VerifySubscriptionInHomepage</h3><table class="result"><tr><th class="invisible"/></tr></table><p class="totop"><a href="#summary">back to summary</a></p>
<h3 id="m4">com.automationpractice.ecommerce.testCases.TestCase11VerifySubscriptionInCartpagePages_TC#testCase11VerifySubscriptionInCartpagePages_TC</h3><table class="result"><tr><th class="invisible"/></tr></table><p class="totop"><a href="#summary">back to summary</a></p>
<h3 id="m5">com.automationpractice.ecommerce.testCases.TestCase1RegisterUser#testCase1RegisterUser</h3><table class="result"><tr><th class="invisible"/></tr></table><p class="totop"><a href="#summary">back to summary</a></p>
<h3 id="m6">com.automationpractice.ecommerce.testCases.TestCase2LoginUserWithCorrectEmailAndPassword#testCase2LoginUserWithCorrectEmailAndPassword</h3><table class="result"><tr><th class="invisible"/></tr></table><p class="totop"><a href="#summary">back to summary</a></p>
<h3 id="m7">com.automationpractice.ecommerce.testCases.TestCase3LoginUserWithIncorrectEmailAndPassword#testCase3LoginUserWithIncorrectEmailAndPassword</h3><table class="result"><tr><th class="invisible"/></tr></table><p class="totop"><a href="#summary">back to summary</a></p>
<h3 id="m8">com.automationpractice.ecommerce.testCases.TestCase4LogoutUser#testCase4LogoutUser</h3><table class="result"><tr><th class="invisible"/></tr></table><p class="totop"><a href="#summary">back to summary</a></p>
<h3 id="m9">com.automationpractice.ecommerce.testCases.TestCase5RegisterUserWithExistingEmail#testCase5RegisterUserWithExistingEmail</h3><table class="result"><tr><th class="invisible"/></tr></table><p class="totop"><a href="#summary">back to summary</a></p>
<h3 id="m10">com.automationpractice.ecommerce.testCases.TestCase6ContactUsForm#testCase6ContactUsForm</h3><table class="result"><tr><th class="invisible"/></tr></table><p class="totop"><a href="#summary">back to summary</a></p>
<h3 id="m11">com.automationpractice.ecommerce.testCases.TestCase7VerifyTestCasesPage#testCase7VerifyTestCasesPage</h3><table class="result"><tr><th class="invisible"/></tr></table><p class="totop"><a href="#summary">back to summary</a></p>
<h3 id="m12">com.automationpractice.ecommerce.testCases.TestCase9SearchProduct#testCase9SearchProduct</h3><table class="result"><tr><th class="invisible"/></tr></table><p class="totop"><a href="#summary">back to summary</a></p>
</body>
</html>
