<?xml version="1.0" encoding="UTF-8"?>
<testng-results ignored="0" total="13" passed="10" failed="3" skipped="0">
  <reporter-output>
  </reporter-output>
  <suite started-at="2022-12-20T12:47:51Z" name="Regression" finished-at="2022-12-20T12:54:41Z" duration-ms="410269">
    <groups>
    </groups>
    <test started-at="2022-12-20T12:47:51Z" name="UITest" finished-at="2022-12-20T12:54:41Z" duration-ms="410269">
      <class name="com.automationpractice.ecommerce.testCases.TestCase3LoginUserWithIncorrectEmailAndPassword">
        <test-method is-config="true" signature="beforeClass()[pri:0, instance:com.automationpractice.ecommerce.testCases.TestCase3LoginUserWithIncorrectEmailAndPassword@5dda768f]" started-at="2022-12-20T12:49:43Z" name="beforeClass" finished-at="2022-12-20T12:49:44Z" duration-ms="1073" status="PASS">
          <reporter-output>
          </reporter-output>
        </test-method> <!-- beforeClass -->
        <test-method is-config="true" signature="beforeMethod()[pri:0, instance:com.automationpractice.ecommerce.testCases.TestCase3LoginUserWithIncorrectEmailAndPassword@5dda768f]" started-at="2022-12-20T12:49:44Z" name="beforeMethod" finished-at="2022-12-20T12:49:55Z" duration-ms="10465" status="PASS">
          <reporter-output>
          </reporter-output>
        </test-method> <!-- beforeMethod -->
        <test-method signature="testCase3LoginUserWithIncorrectEmailAndPassword()[pri:0, instance:com.automationpractice.ecommerce.testCases.TestCase3LoginUserWithIncorrectEmailAndPassword@5dda768f]" started-at="2022-12-20T12:49:55Z" name="testCase3LoginUserWithIncorrectEmailAndPassword" finished-at="2022-12-20T12:50:01Z" duration-ms="6455" status="PASS">
          <reporter-output>
          </reporter-output>
        </test-method> <!-- testCase3LoginUserWithIncorrectEmailAndPassword -->
        <test-method is-config="true" signature="afterClass()[pri:0, instance:com.automationpractice.ecommerce.testCases.TestCase3LoginUserWithIncorrectEmailAndPassword@5dda768f]" started-at="2022-12-20T12:50:01Z" name="afterClass" finished-at="2022-12-20T12:50:02Z" duration-ms="560" status="PASS">
          <reporter-output>
          </reporter-output>
        </test-method> <!-- afterClass -->
        <test-method is-config="true" signature="afterTest()[pri:0, instance:com.automationpractice.ecommerce.testCases.TestCase3LoginUserWithIncorrectEmailAndPassword@5dda768f]" started-at="2022-12-20T12:50:01Z" name="afterTest" finished-at="2022-12-20T12:50:01Z" duration-ms="0" status="PASS">
          <reporter-output>
          </reporter-output>
        </test-method> <!-- afterTest -->
      </class> <!-- com.automationpractice.ecommerce.testCases.TestCase3LoginUserWithIncorrectEmailAndPassword -->
      <class name="com.automationpractice.ecommerce.testCases.TestCase7VerifyTestCasesPage">
        <test-method is-config="true" signature="beforeClass()[pri:0, instance:com.automationpractice.ecommerce.testCases.TestCase7VerifyTestCasesPage@24aed80c]" started-at="2022-12-20T12:51:48Z" name="beforeClass" finished-at="2022-12-20T12:51:49Z" duration-ms="1070" status="PASS">
          <reporter-output>
          </reporter-output>
        </test-method> <!-- beforeClass -->
        <test-method is-config="true" signature="beforeMethod()[pri:0, instance:com.automationpractice.ecommerce.testCases.TestCase7VerifyTestCasesPage@24aed80c]" started-at="2022-12-20T12:51:49Z" name="beforeMethod" finished-at="2022-12-20T12:51:59Z" duration-ms="9810" status="PASS">
          <reporter-output>
          </reporter-output>
        </test-method> <!-- beforeMethod -->
        <test-method signature="testCase7VerifyTestCasesPage()[pri:0, instance:com.automationpractice.ecommerce.testCases.TestCase7VerifyTestCasesPage@24aed80c]" started-at="2022-12-20T12:51:59Z" name="testCase7VerifyTestCasesPage" finished-at="2022-12-20T12:52:04Z" duration-ms="4563" status="PASS">
          <reporter-output>
          </reporter-output>
        </test-method> <!-- testCase7VerifyTestCasesPage -->
        <test-method is-config="true" signature="afterClass()[pri:0, instance:com.automationpractice.ecommerce.testCases.TestCase7VerifyTestCasesPage@24aed80c]" started-at="2022-12-20T12:52:04Z" name="afterClass" finished-at="2022-12-20T12:52:04Z" duration-ms="559" status="PASS">
          <reporter-output>
          </reporter-output>
        </test-method> <!-- afterClass -->
        <test-method is-config="true" signature="afterTest()[pri:0, instance:com.automationpractice.ecommerce.testCases.TestCase7VerifyTestCasesPage@24aed80c]" started-at="2022-12-20T12:52:04Z" name="afterTest" finished-at="2022-12-20T12:52:04Z" duration-ms="0" status="PASS">
          <reporter-output>
          </reporter-output>
        </test-method> <!-- afterTest -->
      </class> <!-- com.automationpractice.ecommerce.testCases.TestCase7VerifyTestCasesPage -->
      <class name="com.automationpractice.ecommerce.testCases.TestCase5RegisterUserWithExistingEmail">
        <test-method is-config="true" signature="beforeClass()[pri:0, instance:com.automationpractice.ecommerce.testCases.TestCase5RegisterUserWithExistingEmail@7a8c8dcf]" started-at="2022-12-20T12:50:02Z" name="beforeClass" finished-at="2022-12-20T12:50:03Z" duration-ms="1077" status="PASS">
          <reporter-output>
          </reporter-output>
        </test-method> <!-- beforeClass -->
        <test-method is-config="true" signature="beforeMethod()[pri:0, instance:com.automationpractice.ecommerce.testCases.TestCase5RegisterUserWithExistingEmail@7a8c8dcf]" started-at="2022-12-20T12:50:03Z" name="beforeMethod" finished-at="2022-12-20T12:50:13Z" duration-ms="10042" status="PASS">
          <reporter-output>
          </reporter-output>
        </test-method> <!-- beforeMethod -->
        <test-method signature="testCase5RegisterUserWithExistingEmail()[pri:0, instance:com.automationpractice.ecommerce.testCases.TestCase5RegisterUserWithExistingEmail@7a8c8dcf]" started-at="2022-12-20T12:50:13Z" name="testCase5RegisterUserWithExistingEmail" finished-at="2022-12-20T12:50:27Z" duration-ms="13877" status="PASS">
          <reporter-output>
          </reporter-output>
        </test-method> <!-- testCase5RegisterUserWithExistingEmail -->
        <test-method is-config="true" signature="afterTest()[pri:0, instance:com.automationpractice.ecommerce.testCases.TestCase5RegisterUserWithExistingEmail@7a8c8dcf]" started-at="2022-12-20T12:50:27Z" name="afterTest" finished-at="2022-12-20T12:50:27Z" duration-ms="0" status="PASS">
          <reporter-output>
          </reporter-output>
        </test-method> <!-- afterTest -->
        <test-method is-config="true" signature="afterClass()[pri:0, instance:com.automationpractice.ecommerce.testCases.TestCase5RegisterUserWithExistingEmail@7a8c8dcf]" started-at="2022-12-20T12:50:27Z" name="afterClass" finished-at="2022-12-20T12:50:27Z" duration-ms="562" status="PASS">
          <reporter-output>
          </reporter-output>
        </test-method> <!-- afterClass -->
      </class> <!-- com.automationpractice.ecommerce.testCases.TestCase5RegisterUserWithExistingEmail -->
      <class name="com.automationpractice.ecommerce.testCases.TestCase1RegisterUser">
        <test-method is-config="true" signature="beforeClass()[pri:0, instance:com.automationpractice.ecommerce.testCases.TestCase1RegisterUser@fbd1f6]" started-at="2022-12-20T12:47:51Z" name="beforeClass" finished-at="2022-12-20T12:47:53Z" duration-ms="1611" status="PASS">
          <reporter-output>
          </reporter-output>
        </test-method> <!-- beforeClass -->
        <test-method is-config="true" signature="beforeMethod()[pri:0, instance:com.automationpractice.ecommerce.testCases.TestCase1RegisterUser@fbd1f6]" started-at="2022-12-20T12:47:53Z" name="beforeMethod" finished-at="2022-12-20T12:48:03Z" duration-ms="10272" status="PASS">
          <reporter-output>
          </reporter-output>
        </test-method> <!-- beforeMethod -->
        <test-method signature="testCase1RegisterUser()[pri:0, instance:com.automationpractice.ecommerce.testCases.TestCase1RegisterUser@fbd1f6]" started-at="2022-12-20T12:48:03Z" name="testCase1RegisterUser" finished-at="2022-12-20T12:49:11Z" duration-ms="67886" status="PASS">
          <reporter-output>
          </reporter-output>
        </test-method> <!-- testCase1RegisterUser -->
        <test-method is-config="true" signature="afterClass()[pri:0, instance:com.automationpractice.ecommerce.testCases.TestCase1RegisterUser@fbd1f6]" started-at="2022-12-20T12:49:11Z" name="afterClass" finished-at="2022-12-20T12:49:12Z" duration-ms="573" status="PASS">
          <reporter-output>
          </reporter-output>
        </test-method> <!-- afterClass -->
        <test-method is-config="true" signature="afterTest()[pri:0, instance:com.automationpractice.ecommerce.testCases.TestCase1RegisterUser@fbd1f6]" started-at="2022-12-20T12:49:11Z" name="afterTest" finished-at="2022-12-20T12:49:11Z" duration-ms="0" status="PASS">
          <reporter-output>
          </reporter-output>
        </test-method> <!-- afterTest -->
      </class> <!-- com.automationpractice.ecommerce.testCases.TestCase1RegisterUser -->
      <class name="com.automationpractice.ecommerce.testCases.TestCase11VerifySubscriptionInCartpagePages_TC">
        <test-method is-config="true" signature="beforeClass()[pri:0, instance:com.automationpractice.ecommerce.testCases.TestCase11VerifySubscriptionInCartpagePages_TC@279fedbd]" started-at="2022-12-20T12:53:11Z" name="beforeClass" finished-at="2022-12-20T12:53:12Z" duration-ms="1061" status="PASS">
          <reporter-output>
          </reporter-output>
        </test-method> <!-- beforeClass -->
        <test-method is-config="true" signature="beforeMethod()[pri:0, instance:com.automationpractice.ecommerce.testCases.TestCase11VerifySubscriptionInCartpagePages_TC@279fedbd]" started-at="2022-12-20T12:53:12Z" name="beforeMethod" finished-at="2022-12-20T12:53:23Z" duration-ms="10453" status="PASS">
          <reporter-output>
          </reporter-output>
        </test-method> <!-- beforeMethod -->
        <test-method signature="testCase11VerifySubscriptionInCartpagePages_TC()[pri:0, instance:com.automationpractice.ecommerce.testCases.TestCase11VerifySubscriptionInCartpagePages_TC@279fedbd]" started-at="2022-12-20T12:53:23Z" name="testCase11VerifySubscriptionInCartpagePages_TC" finished-at="2022-12-20T12:53:29Z" duration-ms="6842" status="PASS">
          <reporter-output>
          </reporter-output>
        </test-method> <!-- testCase11VerifySubscriptionInCartpagePages_TC -->
        <test-method is-config="true" signature="afterClass()[pri:0, instance:com.automationpractice.ecommerce.testCases.TestCase11VerifySubscriptionInCartpagePages_TC@279fedbd]" started-at="2022-12-20T12:53:29Z" name="afterClass" finished-at="2022-12-20T12:53:30Z" duration-ms="560" status="PASS">
          <reporter-output>
          </reporter-output>
        </test-method> <!-- afterClass -->
        <test-method is-config="true" signature="afterTest()[pri:0, instance:com.automationpractice.ecommerce.testCases.TestCase11VerifySubscriptionInCartpagePages_TC@279fedbd]" started-at="2022-12-20T12:53:29Z" name="afterTest" finished-at="2022-12-20T12:53:29Z" duration-ms="0" status="PASS">
          <reporter-output>
          </reporter-output>
        </test-method> <!-- afterTest -->
      </class> <!-- com.automationpractice.ecommerce.testCases.TestCase11VerifySubscriptionInCartpagePages_TC -->
      <class name="com.automationpractice.ecommerce.testCases.TestCase4LogoutUser">
        <test-method is-config="true" signature="beforeClass()[pri:0, instance:com.automationpractice.ecommerce.testCases.TestCase4LogoutUser@1ce24091]" started-at="2022-12-20T12:49:12Z" name="beforeClass" finished-at="2022-12-20T12:49:13Z" duration-ms="1067" status="PASS">
          <reporter-output>
          </reporter-output>
        </test-method> <!-- beforeClass -->
        <test-method is-config="true" signature="beforeMethod()[pri:0, instance:com.automationpractice.ecommerce.testCases.TestCase4LogoutUser@1ce24091]" started-at="2022-12-20T12:49:13Z" name="beforeMethod" finished-at="2022-12-20T12:49:24Z" duration-ms="11791" status="PASS">
          <reporter-output>
          </reporter-output>
        </test-method> <!-- beforeMethod -->
        <test-method signature="testCase4LogoutUser()[pri:0, instance:com.automationpractice.ecommerce.testCases.TestCase4LogoutUser@1ce24091]" started-at="2022-12-20T12:49:24Z" name="testCase4LogoutUser" finished-at="2022-12-20T12:49:43Z" duration-ms="18414" status="PASS">
          <reporter-output>
          </reporter-output>
        </test-method> <!-- testCase4LogoutUser -->
        <test-method is-config="true" signature="afterClass()[pri:0, instance:com.automationpractice.ecommerce.testCases.TestCase4LogoutUser@1ce24091]" started-at="2022-12-20T12:49:43Z" name="afterClass" finished-at="2022-12-20T12:49:43Z" duration-ms="558" status="PASS">
          <reporter-output>
          </reporter-output>
        </test-method> <!-- afterClass -->
        <test-method is-config="true" signature="afterTest()[pri:0, instance:com.automationpractice.ecommerce.testCases.TestCase4LogoutUser@1ce24091]" started-at="2022-12-20T12:49:43Z" name="afterTest" finished-at="2022-12-20T12:49:43Z" duration-ms="0" status="PASS">
          <reporter-output>
          </reporter-output>
        </test-method> <!-- afterTest -->
      </class> <!-- com.automationpractice.ecommerce.testCases.TestCase4LogoutUser -->
      <class name="com.automationpractice.ecommerce.testCases.TestCase6ContactUsForm">
        <test-method is-config="true" signature="beforeClass()[pri:0, instance:com.automationpractice.ecommerce.testCases.TestCase6ContactUsForm@2aceadd4]" started-at="2022-12-20T12:51:01Z" name="beforeClass" finished-at="2022-12-20T12:51:02Z" duration-ms="1071" status="PASS">
          <reporter-output>
          </reporter-output>
        </test-method> <!-- beforeClass -->
        <test-method is-config="true" signature="beforeMethod()[pri:0, instance:com.automationpractice.ecommerce.testCases.TestCase6ContactUsForm@2aceadd4]" started-at="2022-12-20T12:51:02Z" name="beforeMethod" finished-at="2022-12-20T12:51:12Z" duration-ms="9582" status="PASS">
          <reporter-output>
          </reporter-output>
        </test-method> <!-- beforeMethod -->
        <test-method signature="testCase6ContactUsForm()[pri:0, instance:com.automationpractice.ecommerce.testCases.TestCase6ContactUsForm@2aceadd4]" started-at="2022-12-20T12:51:12Z" name="testCase6ContactUsForm" finished-at="2022-12-20T12:51:48Z" duration-ms="36161" status="PASS">
          <reporter-output>
          </reporter-output>
        </test-method> <!-- testCase6ContactUsForm -->
        <test-method is-config="true" signature="afterClass()[pri:0, instance:com.automationpractice.ecommerce.testCases.TestCase6ContactUsForm@2aceadd4]" started-at="2022-12-20T12:51:48Z" name="afterClass" finished-at="2022-12-20T12:51:48Z" duration-ms="563" status="PASS">
          <reporter-output>
          </reporter-output>
        </test-method> <!-- afterClass -->
        <test-method is-config="true" signature="afterTest()[pri:0, instance:com.automationpractice.ecommerce.testCases.TestCase6ContactUsForm@2aceadd4]" started-at="2022-12-20T12:51:48Z" name="afterTest" finished-at="2022-12-20T12:51:48Z" duration-ms="0" status="PASS">
          <reporter-output>
          </reporter-output>
        </test-method> <!-- afterTest -->
      </class> <!-- com.automationpractice.ecommerce.testCases.TestCase6ContactUsForm -->
      <class name="com.automationpractice.ecommerce.testCases.TestCase10VerifySubscriptionInHomepage">
        <test-method is-config="true" signature="beforeClass()[pri:0, instance:com.automationpractice.ecommerce.testCases.TestCase10VerifySubscriptionInHomepage@752325ad]" started-at="2022-12-20T12:52:56Z" name="beforeClass" finished-at="2022-12-20T12:52:57Z" duration-ms="1054" status="PASS">
          <reporter-output>
          </reporter-output>
        </test-method> <!-- beforeClass -->
        <test-method is-config="true" signature="beforeMethod()[pri:0, instance:com.automationpractice.ecommerce.testCases.TestCase10VerifySubscriptionInHomepage@752325ad]" started-at="2022-12-20T12:52:57Z" name="beforeMethod" finished-at="2022-12-20T12:53:07Z" duration-ms="10084" status="PASS">
          <reporter-output>
          </reporter-output>
        </test-method> <!-- beforeMethod -->
        <test-method signature="testCase10VerifySubscriptionInHomepage()[pri:0, instance:com.automationpractice.ecommerce.testCases.TestCase10VerifySubscriptionInHomepage@752325ad]" started-at="2022-12-20T12:53:07Z" name="testCase10VerifySubscriptionInHomepage" finished-at="2022-12-20T12:53:10Z" duration-ms="3012" status="PASS">
          <reporter-output>
          </reporter-output>
        </test-method> <!-- testCase10VerifySubscriptionInHomepage -->
        <test-method is-config="true" signature="afterTest()[pri:0, instance:com.automationpractice.ecommerce.testCases.TestCase10VerifySubscriptionInHomepage@752325ad]" started-at="2022-12-20T12:53:10Z" name="afterTest" finished-at="2022-12-20T12:53:10Z" duration-ms="1" status="PASS">
          <reporter-output>
          </reporter-output>
        </test-method> <!-- afterTest -->
        <test-method is-config="true" signature="afterClass()[pri:0, instance:com.automationpractice.ecommerce.testCases.TestCase10VerifySubscriptionInHomepage@752325ad]" started-at="2022-12-20T12:53:10Z" name="afterClass" finished-at="2022-12-20T12:53:11Z" duration-ms="557" status="PASS">
          <reporter-output>
          </reporter-output>
        </test-method> <!-- afterClass -->
      </class> <!-- com.automationpractice.ecommerce.testCases.TestCase10VerifySubscriptionInHomepage -->
      <class name="com.automationpractice.ecommerce.testCases.TestCase2LoginUserWithCorrectEmailAndPassword">
        <test-method is-config="true" signature="beforeClass()[pri:0, instance:com.automationpractice.ecommerce.testCases.TestCase2LoginUserWithCorrectEmailAndPassword@24269709]" started-at="2022-12-20T12:50:27Z" name="beforeClass" finished-at="2022-12-20T12:50:29Z" duration-ms="1069" status="PASS">
          <reporter-output>
          </reporter-output>
        </test-method> <!-- beforeClass -->
        <test-method is-config="true" signature="beforeMethod()[pri:0, instance:com.automationpractice.ecommerce.testCases.TestCase2LoginUserWithCorrectEmailAndPassword@24269709]" started-at="2022-12-20T12:50:29Z" name="beforeMethod" finished-at="2022-12-20T12:50:38Z" duration-ms="9625" status="PASS">
          <reporter-output>
          </reporter-output>
        </test-method> <!-- beforeMethod -->
        <test-method signature="testCase2LoginUserWithCorrectEmailAndPassword()[pri:0, instance:com.automationpractice.ecommerce.testCases.TestCase2LoginUserWithCorrectEmailAndPassword@24269709]" started-at="2022-12-20T12:50:38Z" name="testCase2LoginUserWithCorrectEmailAndPassword" finished-at="2022-12-20T12:51:00Z" duration-ms="22228" status="PASS">
          <reporter-output>
          </reporter-output>
        </test-method> <!-- testCase2LoginUserWithCorrectEmailAndPassword -->
        <test-method is-config="true" signature="afterTest()[pri:0, instance:com.automationpractice.ecommerce.testCases.TestCase2LoginUserWithCorrectEmailAndPassword@24269709]" started-at="2022-12-20T12:51:00Z" name="afterTest" finished-at="2022-12-20T12:51:00Z" duration-ms="0" status="PASS">
          <reporter-output>
          </reporter-output>
        </test-method> <!-- afterTest -->
        <test-method is-config="true" signature="afterClass()[pri:0, instance:com.automationpractice.ecommerce.testCases.TestCase2LoginUserWithCorrectEmailAndPassword@24269709]" started-at="2022-12-20T12:51:00Z" name="afterClass" finished-at="2022-12-20T12:51:01Z" duration-ms="567" status="PASS">
          <reporter-output>
          </reporter-output>
        </test-method> <!-- afterClass -->
      </class> <!-- com.automationpractice.ecommerce.testCases.TestCase2LoginUserWithCorrectEmailAndPassword -->
      <class name="com.automationpractice.ecommerce.testCases.TestCase13VerifyProductQuantityInCart">
        <test-method is-config="true" signature="beforeClass()[pri:0, instance:com.automationpractice.ecommerce.testCases.TestCase13VerifyProductQuantityInCart@45c7e403]" started-at="2022-12-20T12:54:27Z" name="beforeClass" finished-at="2022-12-20T12:54:28Z" duration-ms="1063" status="PASS">
          <reporter-output>
          </reporter-output>
        </test-method> <!-- beforeClass -->
        <test-method is-config="true" signature="beforeMethod()[pri:0, instance:com.automationpractice.ecommerce.testCases.TestCase13VerifyProductQuantityInCart@45c7e403]" started-at="2022-12-20T12:54:28Z" name="beforeMethod" finished-at="2022-12-20T12:54:38Z" duration-ms="10145" status="PASS">
          <reporter-output>
          </reporter-output>
        </test-method> <!-- beforeMethod -->
        <test-method signature="testCase13VerifyProductQuantityInCartPages()[pri:0, instance:com.automationpractice.ecommerce.testCases.TestCase13VerifyProductQuantityInCart@45c7e403]" started-at="2022-12-20T12:54:38Z" name="testCase13VerifyProductQuantityInCartPages" finished-at="2022-12-20T12:54:41Z" duration-ms="3054" status="FAIL">
          <exception class="java.lang.AssertionError">
            <message>
              <![CDATA[expected [https://www.automationexercise.com/product_details/1] but found [https://www.automationexercise.com/#google_vignette]]]>
            </message>
            <full-stacktrace>
              <![CDATA[java.lang.AssertionError: expected [https://www.automationexercise.com/product_details/1] but found [https://www.automationexercise.com/#google_vignette]
at org.testng.Assert.fail(Assert.java:96)
at org.testng.Assert.failNotEquals(Assert.java:776)
at org.testng.Assert.assertEqualsImpl(Assert.java:137)
at org.testng.Assert.assertEquals(Assert.java:118)
at org.testng.Assert.assertEquals(Assert.java:453)
at org.testng.Assert.assertEquals(Assert.java:463)
at com.automationpractice.ecommerce.testCases.TestCase13VerifyProductQuantityInCart.testCase13VerifyProductQuantityInCartPages(TestCase13VerifyProductQuantityInCart.java:38)
at java.base/jdk.internal.reflect.NativeMethodAccessorImpl.invoke0(Native Method)
at java.base/jdk.internal.reflect.NativeMethodAccessorImpl.invoke(NativeMethodAccessorImpl.java:62)
at java.base/jdk.internal.reflect.DelegatingMethodAccessorImpl.invoke(DelegatingMethodAccessorImpl.java:43)
at java.base/java.lang.reflect.Method.invoke(Method.java:566)
at org.testng.internal.MethodInvocationHelper.invokeMethod(MethodInvocationHelper.java:124)
at org.testng.internal.Invoker.invokeMethod(Invoker.java:583)
at org.testng.internal.Invoker.invokeTestMethod(Invoker.java:719)
at org.testng.internal.Invoker.invokeTestMethods(Invoker.java:989)
at org.testng.internal.TestMethodWorker.invokeTestMethods(TestMethodWorker.java:125)
at org.testng.internal.TestMethodWorker.run(TestMethodWorker.java:109)
at org.testng.TestRunner.privateRun(TestRunner.java:648)
at org.testng.TestRunner.run(TestRunner.java:505)
at org.testng.SuiteRunner.runTest(SuiteRunner.java:455)
at org.testng.SuiteRunner.runSequentially(SuiteRunner.java:450)
at org.testng.SuiteRunner.privateRun(SuiteRunner.java:415)
at org.testng.SuiteRunner.run(SuiteRunner.java:364)
at org.testng.SuiteRunnerWorker.runSuite(SuiteRunnerWorker.java:52)
at org.testng.SuiteRunnerWorker.run(SuiteRunnerWorker.java:84)
at org.testng.TestNG.runSuitesSequentially(TestNG.java:1208)
at org.testng.TestNG.runSuitesLocally(TestNG.java:1137)
at org.testng.TestNG.runSuites(TestNG.java:1049)
at org.testng.TestNG.run(TestNG.java:1017)
at org.apache.maven.surefire.testng.TestNGExecutor.run(TestNGExecutor.java:281)
at org.apache.maven.surefire.testng.TestNGXmlTestSuite.execute(TestNGXmlTestSuite.java:75)
at org.apache.maven.surefire.testng.TestNGProvider.invoke(TestNGProvider.java:121)
at org.apache.maven.surefire.booter.ForkedBooter.invokeProviderInSameClassLoader(ForkedBooter.java:290)
at org.apache.maven.surefire.booter.ForkedBooter.runSuitesInProcess(ForkedBooter.java:242)
at org.apache.maven.surefire.booter.ForkedBooter.main(ForkedBooter.java:121)
]]>
            </full-stacktrace>
          </exception> <!-- java.lang.AssertionError -->
          <reporter-output>
          </reporter-output>
        </test-method> <!-- testCase13VerifyProductQuantityInCartPages -->
        <test-method is-config="true" signature="afterClass()[pri:0, instance:com.automationpractice.ecommerce.testCases.TestCase13VerifyProductQuantityInCart@45c7e403]" started-at="2022-12-20T12:54:41Z" name="afterClass" finished-at="2022-12-20T12:54:41Z" duration-ms="564" status="PASS">
          <reporter-output>
          </reporter-output>
        </test-method> <!-- afterClass -->
        <test-method is-config="true" signature="afterTest()[pri:0, instance:com.automationpractice.ecommerce.testCases.TestCase13VerifyProductQuantityInCart@45c7e403]" started-at="2022-12-20T12:54:41Z" name="afterTest" finished-at="2022-12-20T12:54:41Z" duration-ms="0" status="PASS">
          <reporter-output>
          </reporter-output>
        </test-method> <!-- afterTest -->
      </class> <!-- com.automationpractice.ecommerce.testCases.TestCase13VerifyProductQuantityInCart -->
      <class name="com.automationpractice.ecommerce.testCases.TestCase12AddProductsInCart">
        <test-method is-config="true" signature="beforeClass()[pri:0, instance:com.automationpractice.ecommerce.testCases.TestCase12AddProductsInCart@b3ca52e]" started-at="2022-12-20T12:53:30Z" name="beforeClass" finished-at="2022-12-20T12:53:31Z" duration-ms="1063" status="PASS">
          <reporter-output>
          </reporter-output>
        </test-method> <!-- beforeClass -->
        <test-method is-config="true" signature="beforeMethod()[pri:0, instance:com.automationpractice.ecommerce.testCases.TestCase12AddProductsInCart@b3ca52e]" started-at="2022-12-20T12:53:31Z" name="beforeMethod" finished-at="2022-12-20T12:53:42Z" duration-ms="10616" status="PASS">
          <reporter-output>
          </reporter-output>
        </test-method> <!-- beforeMethod -->
        <test-method signature="testCase12AddProductsInCart()[pri:0, instance:com.automationpractice.ecommerce.testCases.TestCase12AddProductsInCart@b3ca52e]" started-at="2022-12-20T12:53:42Z" name="testCase12AddProductsInCart" finished-at="2022-12-20T12:54:26Z" duration-ms="44400" status="FAIL">
          <exception class="org.openqa.selenium.ElementNotInteractableException">
            <message>
              <![CDATA[element not interactable
  (Session info: chrome=108.0.5359.125)
Build info: version: '4.0.0-alpha-6', revision: '5f43a29cfc'
System info: host: 'DESKTOP-C6OQV70', ip: '192.168.0.193', os.name: 'Windows 11', os.arch: 'amd64', os.version: '10.0', java.version: '11.0.14'
Driver info: org.openqa.selenium.chrome.ChromeDriver
Capabilities {acceptInsecureCerts: false, browserName: chrome, browserVersion: 108.0.5359.125, chrome: {chromedriverVersion: 108.0.5359.71 (1e0e3868ee06..., userDataDir: C:\Users\Talha\AppData\Loca...}, goog:chromeOptions: {debuggerAddress: localhost:53601}, javascriptEnabled: true, networkConnectionEnabled: false, pageLoadStrategy: normal, platform: WINDOWS, platformName: WINDOWS, proxy: Proxy(), setWindowRect: true, strictFileInteractability: false, timeouts: {implicit: 0, pageLoad: 300000, script: 30000}, unhandledPromptBehavior: dismiss and notify, webauthn:extension:credBlob: true, webauthn:extension:largeBlob: true, webauthn:virtualAuthenticators: true}
Session ID: 4e0c035b15ebb38bc0e904d0449a7c76]]>
            </message>
            <full-stacktrace>
              <![CDATA[org.openqa.selenium.ElementNotInteractableException: element not interactable
  (Session info: chrome=108.0.5359.125)
Build info: version: '4.0.0-alpha-6', revision: '5f43a29cfc'
System info: host: 'DESKTOP-C6OQV70', ip: '192.168.0.193', os.name: 'Windows 11', os.arch: 'amd64', os.version: '10.0', java.version: '11.0.14'
Driver info: org.openqa.selenium.chrome.ChromeDriver
Capabilities {acceptInsecureCerts: false, browserName: chrome, browserVersion: 108.0.5359.125, chrome: {chromedriverVersion: 108.0.5359.71 (1e0e3868ee06..., userDataDir: C:\Users\Talha\AppData\Loca...}, goog:chromeOptions: {debuggerAddress: localhost:53601}, javascriptEnabled: true, networkConnectionEnabled: false, pageLoadStrategy: normal, platform: WINDOWS, platformName: WINDOWS, proxy: Proxy(), setWindowRect: true, strictFileInteractability: false, timeouts: {implicit: 0, pageLoad: 300000, script: 30000}, unhandledPromptBehavior: dismiss and notify, webauthn:extension:credBlob: true, webauthn:extension:largeBlob: true, webauthn:virtualAuthenticators: true}
Session ID: 4e0c035b15ebb38bc0e904d0449a7c76
at java.base/jdk.internal.reflect.NativeConstructorAccessorImpl.newInstance0(Native Method)
at java.base/jdk.internal.reflect.NativeConstructorAccessorImpl.newInstance(NativeConstructorAccessorImpl.java:62)
at java.base/jdk.internal.reflect.DelegatingConstructorAccessorImpl.newInstance(DelegatingConstructorAccessorImpl.java:45)
at java.base/java.lang.reflect.Constructor.newInstance(Constructor.java:490)
at org.openqa.selenium.remote.codec.w3c.W3CHttpResponseCodec.createException(W3CHttpResponseCodec.java:196)
at org.openqa.selenium.remote.codec.w3c.W3CHttpResponseCodec.decode(W3CHttpResponseCodec.java:129)
at org.openqa.selenium.remote.codec.w3c.W3CHttpResponseCodec.decode(W3CHttpResponseCodec.java:53)
at org.openqa.selenium.remote.HttpCommandExecutor.execute(HttpCommandExecutor.java:160)
at org.openqa.selenium.remote.service.DriverCommandExecutor.execute(DriverCommandExecutor.java:83)
at org.openqa.selenium.remote.RemoteWebDriver.execute(RemoteWebDriver.java:582)
at org.openqa.selenium.remote.RemoteWebElement.execute(RemoteWebElement.java:316)
at org.openqa.selenium.remote.RemoteWebElement.click(RemoteWebElement.java:85)
at jdk.internal.reflect.GeneratedMethodAccessor4.invoke(Unknown Source)
at java.base/jdk.internal.reflect.DelegatingMethodAccessorImpl.invoke(DelegatingMethodAccessorImpl.java:43)
at java.base/java.lang.reflect.Method.invoke(Method.java:566)
at org.openqa.selenium.support.pagefactory.internal.LocatingElementHandler.invoke(LocatingElementHandler.java:52)
at com.sun.proxy.$Proxy15.click(Unknown Source)
at com.automationpractice.ecommerce.testCases.TestCase12AddProductsInCart.testCase12AddProductsInCart(TestCase12AddProductsInCart.java:39)
at java.base/jdk.internal.reflect.NativeMethodAccessorImpl.invoke0(Native Method)
at java.base/jdk.internal.reflect.NativeMethodAccessorImpl.invoke(NativeMethodAccessorImpl.java:62)
at java.base/jdk.internal.reflect.DelegatingMethodAccessorImpl.invoke(DelegatingMethodAccessorImpl.java:43)
at java.base/java.lang.reflect.Method.invoke(Method.java:566)
at org.testng.internal.MethodInvocationHelper.invokeMethod(MethodInvocationHelper.java:124)
at org.testng.internal.Invoker.invokeMethod(Invoker.java:583)
at org.testng.internal.Invoker.invokeTestMethod(Invoker.java:719)
at org.testng.internal.Invoker.invokeTestMethods(Invoker.java:989)
at org.testng.internal.TestMethodWorker.invokeTestMethods(TestMethodWorker.java:125)
at org.testng.internal.TestMethodWorker.run(TestMethodWorker.java:109)
at org.testng.TestRunner.privateRun(TestRunner.java:648)
at org.testng.TestRunner.run(TestRunner.java:505)
at org.testng.SuiteRunner.runTest(SuiteRunner.java:455)
at org.testng.SuiteRunner.runSequentially(SuiteRunner.java:450)
at org.testng.SuiteRunner.privateRun(SuiteRunner.java:415)
at org.testng.SuiteRunner.run(SuiteRunner.java:364)
at org.testng.SuiteRunnerWorker.runSuite(SuiteRunnerWorker.java:52)
at org.testng.SuiteRunnerWorker.run(SuiteRunnerWorker.java:84)
at org.testng.TestNG.runSuitesSequentially(TestNG.java:1208)
at org.testng.TestNG.runSuitesLocally(TestNG.java:1137)
at org.testng.TestNG.runSuites(TestNG.java:1049)
at org.testng.TestNG.run(TestNG.java:1017)
at org.apache.maven.surefire.testng.TestNGExecutor.run(TestNGExecutor.java:281)
at org.apache.maven.surefire.testng.TestNGXmlTestSuite.execute(TestNGXmlTestSuite.java:75)
at org.apache.maven.surefire.testng.TestNGProvider.invoke(TestNGProvider.java:121)
at org.apache.maven.surefire.booter.ForkedBooter.invokeProviderInSameClassLoader(ForkedBooter.java:290)
at org.apache.maven.surefire.booter.ForkedBooter.runSuitesInProcess(ForkedBooter.java:242)
at org.apache.maven.surefire.booter.ForkedBooter.main(ForkedBooter.java:121)
]]>
            </full-stacktrace>
          </exception> <!-- org.openqa.selenium.ElementNotInteractableException -->
          <reporter-output>
          </reporter-output>
        </test-method> <!-- testCase12AddProductsInCart -->
        <test-method is-config="true" signature="afterTest()[pri:0, instance:com.automationpractice.ecommerce.testCases.TestCase12AddProductsInCart@b3ca52e]" started-at="2022-12-20T12:54:26Z" name="afterTest" finished-at="2022-12-20T12:54:26Z" duration-ms="0" status="PASS">
          <reporter-output>
          </reporter-output>
        </test-method> <!-- afterTest -->
        <test-method is-config="true" signature="afterClass()[pri:0, instance:com.automationpractice.ecommerce.testCases.TestCase12AddProductsInCart@b3ca52e]" started-at="2022-12-20T12:54:26Z" name="afterClass" finished-at="2022-12-20T12:54:27Z" duration-ms="563" status="PASS">
          <reporter-output>
          </reporter-output>
        </test-method> <!-- afterClass -->
      </class> <!-- com.automationpractice.ecommerce.testCases.TestCase12AddProductsInCart -->
      <class name="com.automationpractice.ecommerce.testCases.TestCase9SearchProduct">
        <test-method is-config="true" signature="beforeClass()[pri:0, instance:com.automationpractice.ecommerce.testCases.TestCase9SearchProduct@2a5c8d3f]" started-at="2022-12-20T12:52:18Z" name="beforeClass" finished-at="2022-12-20T12:52:19Z" duration-ms="1069" status="PASS">
          <reporter-output>
          </reporter-output>
        </test-method> <!-- beforeClass -->
        <test-method is-config="true" signature="beforeMethod()[pri:0, instance:com.automationpractice.ecommerce.testCases.TestCase9SearchProduct@2a5c8d3f]" started-at="2022-12-20T12:52:19Z" name="beforeMethod" finished-at="2022-12-20T12:52:29Z" duration-ms="9800" status="PASS">
          <reporter-output>
          </reporter-output>
        </test-method> <!-- beforeMethod -->
        <test-method signature="testCase9SearchProduct()[pri:0, instance:com.automationpractice.ecommerce.testCases.TestCase9SearchProduct@2a5c8d3f]" started-at="2022-12-20T12:52:29Z" name="testCase9SearchProduct" finished-at="2022-12-20T12:52:56Z" duration-ms="26490" status="PASS">
          <reporter-output>
          </reporter-output>
        </test-method> <!-- testCase9SearchProduct -->
        <test-method is-config="true" signature="afterClass()[pri:0, instance:com.automationpractice.ecommerce.testCases.TestCase9SearchProduct@2a5c8d3f]" started-at="2022-12-20T12:52:56Z" name="afterClass" finished-at="2022-12-20T12:52:56Z" duration-ms="559" status="PASS">
          <reporter-output>
          </reporter-output>
        </test-method> <!-- afterClass -->
        <test-method is-config="true" signature="afterTest()[pri:0, instance:com.automationpractice.ecommerce.testCases.TestCase9SearchProduct@2a5c8d3f]" started-at="2022-12-20T12:52:56Z" name="afterTest" finished-at="2022-12-20T12:52:56Z" duration-ms="0" status="PASS">
          <reporter-output>
          </reporter-output>
        </test-method> <!-- afterTest -->
      </class> <!-- com.automationpractice.ecommerce.testCases.TestCase9SearchProduct -->
      <class name="com.automationpractice.ecommerce.testCases.TestCase8VerifyAllProductsAndProductDetailPage">
        <test-method is-config="true" signature="beforeClass()[pri:0, instance:com.automationpractice.ecommerce.testCases.TestCase8VerifyAllProductsAndProductDetailPage@3a52dba3]" started-at="2022-12-20T12:52:04Z" name="beforeClass" finished-at="2022-12-20T12:52:05Z" duration-ms="1068" status="PASS">
          <reporter-output>
          </reporter-output>
        </test-method> <!-- beforeClass -->
        <test-method is-config="true" signature="beforeMethod()[pri:0, instance:com.automationpractice.ecommerce.testCases.TestCase8VerifyAllProductsAndProductDetailPage@3a52dba3]" started-at="2022-12-20T12:52:05Z" name="beforeMethod" finished-at="2022-12-20T12:52:16Z" duration-ms="10422" status="PASS">
          <reporter-output>
          </reporter-output>
        </test-method> <!-- beforeMethod -->
        <test-method signature="testCase8VerifyAllProductsAndProductDetailPage()[pri:0, instance:com.automationpractice.ecommerce.testCases.TestCase8VerifyAllProductsAndProductDetailPage@3a52dba3]" started-at="2022-12-20T12:52:16Z" name="testCase8VerifyAllProductsAndProductDetailPage" finished-at="2022-12-20T12:52:18Z" duration-ms="2049" status="FAIL">
          <exception class="java.lang.AssertionError">
            <message>
              <![CDATA[expected [https://www.automationexercise.com/products] but found [https://www.automationexercise.com/#google_vignette]]]>
            </message>
            <full-stacktrace>
              <![CDATA[java.lang.AssertionError: expected [https://www.automationexercise.com/products] but found [https://www.automationexercise.com/#google_vignette]
at org.testng.Assert.fail(Assert.java:96)
at org.testng.Assert.failNotEquals(Assert.java:776)
at org.testng.Assert.assertEqualsImpl(Assert.java:137)
at org.testng.Assert.assertEquals(Assert.java:118)
at org.testng.Assert.assertEquals(Assert.java:453)
at org.testng.Assert.assertEquals(Assert.java:463)
at com.automationpractice.ecommerce.testCases.TestCase8VerifyAllProductsAndProductDetailPage.testCase8VerifyAllProductsAndProductDetailPage(TestCase8VerifyAllProductsAndProductDetailPage.java:40)
at java.base/jdk.internal.reflect.NativeMethodAccessorImpl.invoke0(Native Method)
at java.base/jdk.internal.reflect.NativeMethodAccessorImpl.invoke(NativeMethodAccessorImpl.java:62)
at java.base/jdk.internal.reflect.DelegatingMethodAccessorImpl.invoke(DelegatingMethodAccessorImpl.java:43)
at java.base/java.lang.reflect.Method.invoke(Method.java:566)
at org.testng.internal.MethodInvocationHelper.invokeMethod(MethodInvocationHelper.java:124)
at org.testng.internal.Invoker.invokeMethod(Invoker.java:583)
at org.testng.internal.Invoker.invokeTestMethod(Invoker.java:719)
at org.testng.internal.Invoker.invokeTestMethods(Invoker.java:989)
at org.testng.internal.TestMethodWorker.invokeTestMethods(TestMethodWorker.java:125)
at org.testng.internal.TestMethodWorker.run(TestMethodWorker.java:109)
at org.testng.TestRunner.privateRun(TestRunner.java:648)
at org.testng.TestRunner.run(TestRunner.java:505)
at org.testng.SuiteRunner.runTest(SuiteRunner.java:455)
at org.testng.SuiteRunner.runSequentially(SuiteRunner.java:450)
at org.testng.SuiteRunner.privateRun(SuiteRunner.java:415)
at org.testng.SuiteRunner.run(SuiteRunner.java:364)
at org.testng.SuiteRunnerWorker.runSuite(SuiteRunnerWorker.java:52)
at org.testng.SuiteRunnerWorker.run(SuiteRunnerWorker.java:84)
at org.testng.TestNG.runSuitesSequentially(TestNG.java:1208)
at org.testng.TestNG.runSuitesLocally(TestNG.java:1137)
at org.testng.TestNG.runSuites(TestNG.java:1049)
at org.testng.TestNG.run(TestNG.java:1017)
at org.apache.maven.surefire.testng.TestNGExecutor.run(TestNGExecutor.java:281)
at org.apache.maven.surefire.testng.TestNGXmlTestSuite.execute(TestNGXmlTestSuite.java:75)
at org.apache.maven.surefire.testng.TestNGProvider.invoke(TestNGProvider.java:121)
at org.apache.maven.surefire.booter.ForkedBooter.invokeProviderInSameClassLoader(ForkedBooter.java:290)
at org.apache.maven.surefire.booter.ForkedBooter.runSuitesInProcess(ForkedBooter.java:242)
at org.apache.maven.surefire.booter.ForkedBooter.main(ForkedBooter.java:121)
]]>
            </full-stacktrace>
          </exception> <!-- java.lang.AssertionError -->
          <reporter-output>
          </reporter-output>
        </test-method> <!-- testCase8VerifyAllProductsAndProductDetailPage -->
        <test-method is-config="true" signature="afterClass()[pri:0, instance:com.automationpractice.ecommerce.testCases.TestCase8VerifyAllProductsAndProductDetailPage@3a52dba3]" started-at="2022-12-20T12:52:18Z" name="afterClass" finished-at="2022-12-20T12:52:18Z" duration-ms="557" status="PASS">
          <reporter-output>
          </reporter-output>
        </test-method> <!-- afterClass -->
        <test-method is-config="true" signature="afterTest()[pri:0, instance:com.automationpractice.ecommerce.testCases.TestCase8VerifyAllProductsAndProductDetailPage@3a52dba3]" started-at="2022-12-20T12:52:18Z" name="afterTest" finished-at="2022-12-20T12:52:18Z" duration-ms="0" status="PASS">
          <reporter-output>
          </reporter-output>
        </test-method> <!-- afterTest -->
      </class> <!-- com.automationpractice.ecommerce.testCases.TestCase8VerifyAllProductsAndProductDetailPage -->
    </test> <!-- UITest -->
  </suite> <!-- Regression -->
</testng-results>
